app/build/intermediates/manifest_merge_blame_file/debug/manifest-merger-blame-debug-report.txt
1<?xml version="1.0" encoding="utf-8"?>
2<manifest xmlns:android="http://schemas.android.com/apk/res/android"
3    package="id.kasirvippro.android"
4    android:versionCode="4"
5    android:versionName="1.0.4" >
6
7    <uses-sdk
8        android:minSdkVersion="24"
8-->src\main\AndroidManifest.xml
9        android:targetSdkVersion="30" />
9-->src\main\AndroidManifest.xml
10
11    <uses-permission android:name="android.permission.ACCESS_NETWORK_STATE" />
11-->src\main\AndroidManifest.xml:5:5-79
11-->src\main\AndroidManifest.xml:5:22-76
12    <uses-permission android:name="android.permission.ACCESS_NETWORK_STATE" />
12-->src\main\AndroidManifest.xml:5:5-79
12-->src\main\AndroidManifest.xml:5:22-76
13    <uses-permission android:name="android.permission.ACCESS_NETWORK_STATE" />
13-->src\main\AndroidManifest.xml:5:5-79
13-->src\main\AndroidManifest.xml:5:22-76
14    <uses-permission android:name="android.permission.ACCESS_NETWORK_STATE" />
14-->src\main\AndroidManifest.xml:5:5-79
14-->src\main\AndroidManifest.xml:5:22-76
15    <uses-permission android:name="android.permission.BLUETOOTH" />
15-->src\main\AndroidManifest.xml:9:5-68
15-->src\main\AndroidManifest.xml:9:22-65
16    <uses-permission android:name="android.permission.INTERNET" />
16-->src\main\AndroidManifest.xml:10:5-67
16-->src\main\AndroidManifest.xml:10:22-64
17    <uses-permission android:name="android.permission.ACCESS_NETWORK_STATE" />
17-->src\main\AndroidManifest.xml:5:5-79
17-->src\main\AndroidManifest.xml:5:22-76
18    <uses-permission android:name="android.permission.CAMERA" />
18-->src\main\AndroidManifest.xml:12:5-65
18-->src\main\AndroidManifest.xml:12:22-62
19    <uses-permission android:name="android.permission.READ_PHONE_STATE" />
19-->src\main\AndroidManifest.xml:13:5-75
19-->src\main\AndroidManifest.xml:13:22-72
20    <uses-permission android:name="android.permission.WRITE_EXTERNAL_STORAGE" />
20-->src\main\AndroidManifest.xml:14:5-81
20-->src\main\AndroidManifest.xml:14:22-78
21    <uses-permission android:name="android.permission.READ_EXTERNAL_STORAGE" />
21-->src\main\AndroidManifest.xml:15:5-80
21-->src\main\AndroidManifest.xml:15:22-77
22    <uses-permission android:name="android.permission.BLUETOOTH" />
22-->src\main\AndroidManifest.xml:9:5-68
22-->src\main\AndroidManifest.xml:9:22-65
23    <uses-permission android:name="android.permission.BLUETOOTH_ADMIN" />
23-->src\main\AndroidManifest.xml:17:5-74
23-->src\main\AndroidManifest.xml:17:22-71
24
25    <uses-feature
25-->src\main\AndroidManifest.xml:19:5-21:39
26        android:name="android.hardware.camera"
26-->src\main\AndroidManifest.xml:20:13-51
27        android:required="true" />
27-->src\main\AndroidManifest.xml:21:13-36
28
29    <uses-permission android:name="android.permission.ACCESS_FINE_LOCATION" />
29-->[com.github.mumayank:AirLocation:1.2] AndroidManifest.xml:12:5-79
29-->[com.github.mumayank:AirLocation:1.2] AndroidManifest.xml:12:22-76
30    <uses-permission android:name="android.permission.ACCESS_COARSE_LOCATION" />
30-->[com.github.mumayank:AirLocation:1.2] AndroidManifest.xml:13:5-81
30-->[com.github.mumayank:AirLocation:1.2] AndroidManifest.xml:13:22-78
31    <uses-permission android:name="android.permission.CHANGE_WIFI_STATE" />
31-->[com.github.mumayank:AirLocation:1.2] AndroidManifest.xml:14:5-76
31-->[com.github.mumayank:AirLocation:1.2] AndroidManifest.xml:14:22-73
32
33    <uses-feature
33-->[com.journeyapps:zxing-android-embedded:4.3.0] AndroidManifest.xml:28:5-30:36
34        android:name="android.hardware.camera.front"
34-->[com.journeyapps:zxing-android-embedded:4.3.0] AndroidManifest.xml:29:9-53
35        android:required="false" /> <!-- TODO replace above two with next line after Android 4.2 -->
35-->[com.journeyapps:zxing-android-embedded:4.3.0] AndroidManifest.xml:30:9-33
36    <!-- <uses-feature android:name="android.hardware.camera.any"/> -->
37    <uses-feature
37-->[com.journeyapps:zxing-android-embedded:4.3.0] AndroidManifest.xml:33:5-35:36
38        android:name="android.hardware.camera.autofocus"
38-->[com.journeyapps:zxing-android-embedded:4.3.0] AndroidManifest.xml:34:9-57
39        android:required="false" />
39-->[com.journeyapps:zxing-android-embedded:4.3.0] AndroidManifest.xml:35:9-33
40    <uses-feature
40-->[com.journeyapps:zxing-android-embedded:4.3.0] AndroidManifest.xml:36:5-38:36
41        android:name="android.hardware.camera.flash"
41-->[com.journeyapps:zxing-android-embedded:4.3.0] AndroidManifest.xml:37:9-53
42        android:required="false" />
42-->[com.journeyapps:zxing-android-embedded:4.3.0] AndroidManifest.xml:38:9-33
43    <uses-feature
43-->[com.journeyapps:zxing-android-embedded:4.3.0] AndroidManifest.xml:39:5-41:36
44        android:name="android.hardware.screen.landscape"
44-->[com.journeyapps:zxing-android-embedded:4.3.0] AndroidManifest.xml:40:9-57
45        android:required="false" />
45-->[com.journeyapps:zxing-android-embedded:4.3.0] AndroidManifest.xml:41:9-33
46    <uses-feature
46-->[com.journeyapps:zxing-android-embedded:4.3.0] AndroidManifest.xml:42:5-44:36
47        android:name="android.hardware.wifi"
47-->[com.journeyapps:zxing-android-embedded:4.3.0] AndroidManifest.xml:43:9-45
48        android:required="false" />
48-->[com.journeyapps:zxing-android-embedded:4.3.0] AndroidManifest.xml:44:9-33
49
50    <uses-permission android:name="android.permission.WAKE_LOCK" /> <!-- Required by older versions of Google Play services to create IID tokens -->
50-->[com.google.android.gms:play-services-measurement-api:17.2.0] AndroidManifest.xml:24:5-68
50-->[com.google.android.gms:play-services-measurement-api:17.2.0] AndroidManifest.xml:24:22-65
51    <uses-permission android:name="com.google.android.c2dm.permission.RECEIVE" />
51-->[com.google.firebase:firebase-iid:20.0.0] AndroidManifest.xml:26:5-82
51-->[com.google.firebase:firebase-iid:20.0.0] AndroidManifest.xml:26:22-79
52    <uses-permission android:name="com.google.android.finsky.permission.BIND_GET_INSTALL_REFERRER_SERVICE" />
52-->[com.google.android.gms:play-services-measurement:17.2.0] AndroidManifest.xml:26:5-110
52-->[com.google.android.gms:play-services-measurement:17.2.0] AndroidManifest.xml:26:22-107
53
54    <application
54-->src\main\AndroidManifest.xml:23:5-994:19
55        android:name="id.kasirvippro.android.MyApplication"
55-->src\main\AndroidManifest.xml:24:13-64
56        android:allowBackup="true"
56-->src\main\AndroidManifest.xml:25:13-39
57        android:appComponentFactory="androidx.core.app.CoreComponentFactory"
57-->[androidx.core:core:1.1.0] AndroidManifest.xml:24:18-86
58        android:debuggable="true"
59        android:extractNativeLibs="false"
60        android:hardwareAccelerated="true"
60-->src\main\AndroidManifest.xml:26:13-47
61        android:icon="@mipmap/ic_launcher"
61-->src\main\AndroidManifest.xml:27:13-47
62        android:label="@string/app_name"
62-->src\main\AndroidManifest.xml:29:13-45
63        android:largeHeap="true"
63-->src\main\AndroidManifest.xml:30:13-37
64        android:networkSecurityConfig="@xml/network_security_config"
64-->src\main\AndroidManifest.xml:31:13-73
65        android:requestLegacyExternalStorage="true"
65-->src\main\AndroidManifest.xml:34:13-56
66        android:roundIcon="@mipmap/ic_launcher"
66-->src\main\AndroidManifest.xml:28:13-52
67        android:supportsRtl="true"
67-->src\main\AndroidManifest.xml:32:13-39
68        android:testOnly="true"
69        android:theme="@style/AppTheme"
69-->src\main\AndroidManifest.xml:33:13-44
70        android:usesCleartextTraffic="true" >
70-->src\main\AndroidManifest.xml:35:13-48
71
72        <!-- This meta-data tag is required to use Google Play Services. -->
73        <meta-data
73-->src\main\AndroidManifest.xml:41:9-43:73
74            android:name="com.google.android.gms.version"
74-->src\main\AndroidManifest.xml:42:17-62
75            android:value="@integer/google_play_services_version" />
75-->src\main\AndroidManifest.xml:43:17-70
76        <meta-data
76-->src\main\AndroidManifest.xml:44:9-46:39
77            android:name="com.google.android.gms.ads.AD_MANAGER_APP"
77-->src\main\AndroidManifest.xml:45:17-73
78            android:value="true" />
78-->src\main\AndroidManifest.xml:46:17-37
79
80        <activity
80-->src\main\AndroidManifest.xml:47:9-50:68
81            android:name="com.google.android.gms.ads.AdActivity"
81-->src\main\AndroidManifest.xml:48:17-69
82            android:configChanges="keyboard|keyboardHidden|orientation|screenLayout|uiMode|screenSize|smallestScreenSize"
82-->src\main\AndroidManifest.xml:49:17-126
83            android:exported="false"
83-->[com.google.android.gms:play-services-ads-lite:17.0.0] AndroidManifest.xml:32:13-37
84            android:theme="@android:style/Theme.Translucent" />
84-->src\main\AndroidManifest.xml:50:17-65
85
86        <meta-data
87            android:name="firebase_crashlytics_collection_enabled"
87-->src\main\AndroidManifest.xml:53:17-71
88            android:value="false" />
88-->src\main\AndroidManifest.xml:54:17-54
89        <meta-data
89-->src\main\AndroidManifest.xml:55:9-57:61
90            android:name="com.google.firebase.messaging.default_notification_icon"
90-->src\main\AndroidManifest.xml:56:17-87
91            android:resource="@drawable/ic_logo_white" />
91-->src\main\AndroidManifest.xml:57:17-59
92        <meta-data
92-->src\main\AndroidManifest.xml:58:9-60:57
93            android:name="com.google.firebase.messaging.default_notification_color"
93-->src\main\AndroidManifest.xml:59:17-88
94            android:resource="@color/colorPrimary" />
94-->src\main\AndroidManifest.xml:60:17-55
95        <meta-data
95-->src\main\AndroidManifest.xml:61:9-63:74
96            android:name="com.google.firebase.messaging.default_notification_channel_id"
96-->src\main\AndroidManifest.xml:62:17-93
97            android:value="@string/default_notification_channel_id" />
97-->src\main\AndroidManifest.xml:63:17-72
98
99        <provider
99-->src\main\AndroidManifest.xml:65:9-74:20
100            android:name="androidx.core.content.FileProvider"
100-->src\main\AndroidManifest.xml:66:17-66
101            android:authorities="id.kasirvippro.android.provider"
101-->src\main\AndroidManifest.xml:67:17-70
102            android:exported="false"
102-->src\main\AndroidManifest.xml:68:17-41
103            android:grantUriPermissions="true" >
103-->src\main\AndroidManifest.xml:69:17-51
104            <meta-data
104-->src\main\AndroidManifest.xml:70:13-73:56
105                android:name="android.support.FILE_PROVIDER_PATHS"
105-->src\main\AndroidManifest.xml:71:21-71
106                android:resource="@xml/file_paths" />
106-->src\main\AndroidManifest.xml:72:21-55
107        </provider>
108
109        <service
109-->src\main\AndroidManifest.xml:76:9-82:19
110            android:name="id.kasirvippro.android.services.notification.FirebaseMessagingService"
110-->src\main\AndroidManifest.xml:77:17-101
111            android:exported="false" >
111-->src\main\AndroidManifest.xml:78:17-41
112            <intent-filter>
112-->src\main\AndroidManifest.xml:79:13-81:29
113                <action android:name="com.google.firebase.MESSAGING_EVENT" />
113-->src\main\AndroidManifest.xml:80:17-77
113-->src\main\AndroidManifest.xml:80:25-75
114            </intent-filter>
115        </service>
116
117        <activity
117-->src\main\AndroidManifest.xml:84:9-135:20
118            android:name="id.kasirvippro.android.feature.intro.IntroActivity"
118-->src\main\AndroidManifest.xml:85:17-82
119            android:label="@string/app_name"
119-->src\main\AndroidManifest.xml:86:17-49
120            android:noHistory="true"
120-->src\main\AndroidManifest.xml:87:17-41
121            android:screenOrientation="fullSensor"
121-->src\main\AndroidManifest.xml:88:17-55
122            android:theme="@style/ReverseAppTheme.NoActionBar" >
122-->src\main\AndroidManifest.xml:89:17-67
123            <intent-filter>
123-->src\main\AndroidManifest.xml:90:13-94:29
124                <action android:name="android.intent.action.MAIN" />
124-->src\main\AndroidManifest.xml:91:17-69
124-->src\main\AndroidManifest.xml:91:25-66
125
126                <category android:name="android.intent.category.LAUNCHER" />
126-->src\main\AndroidManifest.xml:93:17-77
126-->src\main\AndroidManifest.xml:93:27-74
127            </intent-filter>
128            <intent-filter>
128-->src\main\AndroidManifest.xml:95:13-104:29
129                <action android:name="android.intent.action.VIEW" />
129-->src\main\AndroidManifest.xml:96:17-69
129-->src\main\AndroidManifest.xml:96:25-66
130
131                <category android:name="android.intent.category.DEFAULT" />
131-->src\main\AndroidManifest.xml:98:17-76
131-->src\main\AndroidManifest.xml:98:27-73
132                <category android:name="android.intent.category.BROWSABLE" />
132-->src\main\AndroidManifest.xml:99:17-78
132-->src\main\AndroidManifest.xml:99:27-75
133
134                <data
134-->src\main\AndroidManifest.xml:101:17-103:55
135                    android:host="www.fipos.id"
135-->src\main\AndroidManifest.xml:103:25-52
136                    android:scheme="https" />
136-->src\main\AndroidManifest.xml:102:25-47
137            </intent-filter>
138            <intent-filter>
138-->src\main\AndroidManifest.xml:105:13-114:29
139                <action android:name="android.intent.action.VIEW" />
139-->src\main\AndroidManifest.xml:96:17-69
139-->src\main\AndroidManifest.xml:96:25-66
140
141                <category android:name="android.intent.category.DEFAULT" />
141-->src\main\AndroidManifest.xml:98:17-76
141-->src\main\AndroidManifest.xml:98:27-73
142                <category android:name="android.intent.category.BROWSABLE" />
142-->src\main\AndroidManifest.xml:99:17-78
142-->src\main\AndroidManifest.xml:99:27-75
143
144                <data
144-->src\main\AndroidManifest.xml:101:17-103:55
145                    android:host="www.fipos.id"
145-->src\main\AndroidManifest.xml:103:25-52
146                    android:scheme="http" />
146-->src\main\AndroidManifest.xml:102:25-47
147            </intent-filter>
148            <intent-filter>
148-->src\main\AndroidManifest.xml:115:13-124:29
149                <action android:name="android.intent.action.VIEW" />
149-->src\main\AndroidManifest.xml:96:17-69
149-->src\main\AndroidManifest.xml:96:25-66
150
151                <category android:name="android.intent.category.DEFAULT" />
151-->src\main\AndroidManifest.xml:98:17-76
151-->src\main\AndroidManifest.xml:98:27-73
152                <category android:name="android.intent.category.BROWSABLE" />
152-->src\main\AndroidManifest.xml:99:17-78
152-->src\main\AndroidManifest.xml:99:27-75
153
154                <data
154-->src\main\AndroidManifest.xml:101:17-103:55
155                    android:host="fipos.id"
155-->src\main\AndroidManifest.xml:103:25-52
156                    android:scheme="https" />
156-->src\main\AndroidManifest.xml:102:25-47
157            </intent-filter>
158            <intent-filter>
158-->src\main\AndroidManifest.xml:125:13-134:29
159                <action android:name="android.intent.action.VIEW" />
159-->src\main\AndroidManifest.xml:96:17-69
159-->src\main\AndroidManifest.xml:96:25-66
160
161                <category android:name="android.intent.category.DEFAULT" />
161-->src\main\AndroidManifest.xml:98:17-76
161-->src\main\AndroidManifest.xml:98:27-73
162                <category android:name="android.intent.category.BROWSABLE" />
162-->src\main\AndroidManifest.xml:99:17-78
162-->src\main\AndroidManifest.xml:99:27-75
163
164                <data
164-->src\main\AndroidManifest.xml:101:17-103:55
165                    android:host="fipos.id"
165-->src\main\AndroidManifest.xml:103:25-52
166                    android:scheme="http" />
166-->src\main\AndroidManifest.xml:102:25-47
167            </intent-filter>
168        </activity>
169        <activity
169-->src\main\AndroidManifest.xml:136:9-139:58
170            android:name="id.kasirvippro.android.feature.login.LoginActivity"
170-->src\main\AndroidManifest.xml:137:17-82
171            android:screenOrientation="fullSensor"
171-->src\main\AndroidManifest.xml:139:17-55
172            android:theme="@style/ReverseAppTheme.NoActionBar" />
172-->src\main\AndroidManifest.xml:138:17-67
173        <activity
173-->src\main\AndroidManifest.xml:141:9-144:58
174            android:name="id.kasirvippro.android.feature.register.RegisterActivity"
174-->src\main\AndroidManifest.xml:142:17-88
175            android:screenOrientation="fullSensor"
175-->src\main\AndroidManifest.xml:144:17-55
176            android:theme="@style/ReverseAppTheme" />
176-->src\main\AndroidManifest.xml:143:17-55
177        <activity
177-->src\main\AndroidManifest.xml:146:9-149:58
178            android:name="id.kasirvippro.android.feature.main.MainActivity"
178-->src\main\AndroidManifest.xml:147:17-80
179            android:screenOrientation="fullSensor"
179-->src\main\AndroidManifest.xml:149:17-55
180            android:theme="@style/AppTheme" />
180-->src\main\AndroidManifest.xml:148:17-48
181        <activity
181-->src\main\AndroidManifest.xml:150:9-153:58
182            android:name="id.kasirvippro.android.feature.manage.product.list.ProductListActivity"
182-->src\main\AndroidManifest.xml:151:17-102
183            android:screenOrientation="fullSensor"
183-->src\main\AndroidManifest.xml:153:17-55
184            android:theme="@style/ReverseAppTheme" />
184-->src\main\AndroidManifest.xml:152:17-55
185        <activity
185-->src\main\AndroidManifest.xml:154:9-157:58
186            android:name="id.kasirvippro.android.feature.manageStock.stockOpname.list.StockOpnameListActivity"
186-->src\main\AndroidManifest.xml:155:17-115
187            android:screenOrientation="fullSensor"
187-->src\main\AndroidManifest.xml:157:17-55
188            android:theme="@style/ReverseAppTheme" />
188-->src\main\AndroidManifest.xml:156:17-55
189        <activity
189-->src\main\AndroidManifest.xml:158:9-161:58
190            android:name="id.kasirvippro.android.feature.manageStock.stockHistory.list.StockHistoryListActivity"
190-->src\main\AndroidManifest.xml:159:17-117
191            android:screenOrientation="fullSensor"
191-->src\main\AndroidManifest.xml:161:17-55
192            android:theme="@style/ReverseAppTheme" />
192-->src\main\AndroidManifest.xml:160:17-55
193        <activity
193-->src\main\AndroidManifest.xml:162:9-165:58
194            android:name="id.kasirvippro.android.feature.manageStock.stockOpname.edit.EditStockOpnameActivity"
194-->src\main\AndroidManifest.xml:163:17-115
195            android:screenOrientation="fullSensor"
195-->src\main\AndroidManifest.xml:165:17-55
196            android:theme="@style/ReverseAppTheme" />
196-->src\main\AndroidManifest.xml:164:17-55
197        <activity
197-->src\main\AndroidManifest.xml:166:9-169:58
198            android:name="id.kasirvippro.android.feature.manage.productVariant.list.ProductVariantListActivity"
198-->src\main\AndroidManifest.xml:167:17-116
199            android:screenOrientation="fullSensor"
199-->src\main\AndroidManifest.xml:169:17-55
200            android:theme="@style/ReverseAppTheme" />
200-->src\main\AndroidManifest.xml:168:17-55
201        <activity
201-->src\main\AndroidManifest.xml:170:9-173:58
202            android:name="id.kasirvippro.android.feature.manage.store.list.StoreListActivity"
202-->src\main\AndroidManifest.xml:171:17-98
203            android:screenOrientation="fullSensor"
203-->src\main\AndroidManifest.xml:173:17-55
204            android:theme="@style/ReverseAppTheme" />
204-->src\main\AndroidManifest.xml:172:17-55
205        <activity
205-->src\main\AndroidManifest.xml:174:9-177:58
206            android:name="id.kasirvippro.android.feature.manage.category.list.CategoryListActivity"
206-->src\main\AndroidManifest.xml:175:17-104
207            android:screenOrientation="fullSensor"
207-->src\main\AndroidManifest.xml:177:17-55
208            android:theme="@style/ReverseAppTheme" />
208-->src\main\AndroidManifest.xml:176:17-55
209        <activity
209-->src\main\AndroidManifest.xml:178:9-181:58
210            android:name="id.kasirvippro.android.feature.manage.role.list.RoleListActivity"
210-->src\main\AndroidManifest.xml:179:17-96
211            android:screenOrientation="fullSensor"
211-->src\main\AndroidManifest.xml:181:17-55
212            android:theme="@style/ReverseAppTheme" />
212-->src\main\AndroidManifest.xml:180:17-55
213        <activity
213-->src\main\AndroidManifest.xml:182:9-185:58
214            android:name="id.kasirvippro.android.feature.manage.discount.list.DiscountListActivity"
214-->src\main\AndroidManifest.xml:183:17-104
215            android:screenOrientation="fullSensor"
215-->src\main\AndroidManifest.xml:185:17-55
216            android:theme="@style/ReverseAppTheme" />
216-->src\main\AndroidManifest.xml:184:17-55
217        <activity
217-->src\main\AndroidManifest.xml:186:9-189:58
218            android:name="id.kasirvippro.android.feature.manage.customer.list.CustomerListActivity"
218-->src\main\AndroidManifest.xml:187:17-104
219            android:screenOrientation="fullSensor"
219-->src\main\AndroidManifest.xml:189:17-55
220            android:theme="@style/ReverseAppTheme" />
220-->src\main\AndroidManifest.xml:188:17-55
221        <activity
221-->src\main\AndroidManifest.xml:190:9-193:58
222            android:name="id.kasirvippro.android.feature.manage.supplier.list.SupplierListActivity"
222-->src\main\AndroidManifest.xml:191:17-104
223            android:screenOrientation="fullSensor"
223-->src\main\AndroidManifest.xml:193:17-55
224            android:theme="@style/ReverseAppTheme" />
224-->src\main\AndroidManifest.xml:192:17-55
225        <activity
225-->src\main\AndroidManifest.xml:194:9-197:58
226            android:name="id.kasirvippro.android.feature.manage.category.add.AddCategoryActivity"
226-->src\main\AndroidManifest.xml:195:17-102
227            android:screenOrientation="fullSensor"
227-->src\main\AndroidManifest.xml:197:17-55
228            android:theme="@style/ReverseAppTheme" />
228-->src\main\AndroidManifest.xml:196:17-55
229        <activity
229-->src\main\AndroidManifest.xml:198:9-201:54
230            android:name="id.kasirvippro.android.feature.manage.product.addCategory.AddCategoryActivity"
230-->src\main\AndroidManifest.xml:199:13-105
231            android:screenOrientation="fullSensor"
231-->src\main\AndroidManifest.xml:201:13-51
232            android:theme="@style/ReverseAppTheme" />
232-->src\main\AndroidManifest.xml:200:13-51
233        <activity
233-->src\main\AndroidManifest.xml:202:9-205:58
234            android:name="id.kasirvippro.android.feature.manage.category.edit.EditCategoryActivity"
234-->src\main\AndroidManifest.xml:203:17-104
235            android:screenOrientation="fullSensor"
235-->src\main\AndroidManifest.xml:205:17-55
236            android:theme="@style/ReverseAppTheme" />
236-->src\main\AndroidManifest.xml:204:17-55
237        <activity
237-->src\main\AndroidManifest.xml:206:9-209:58
238            android:name="id.kasirvippro.android.feature.manage.role.edit.EditRoleActivity"
238-->src\main\AndroidManifest.xml:207:17-96
239            android:screenOrientation="fullSensor"
239-->src\main\AndroidManifest.xml:209:17-55
240            android:theme="@style/ReverseAppTheme" />
240-->src\main\AndroidManifest.xml:208:17-55
241        <activity
241-->src\main\AndroidManifest.xml:210:9-213:58
242            android:name="id.kasirvippro.android.feature.manage.supplier.add.AddSupplierActivity"
242-->src\main\AndroidManifest.xml:211:17-102
243            android:screenOrientation="fullSensor"
243-->src\main\AndroidManifest.xml:213:17-55
244            android:theme="@style/ReverseAppTheme" />
244-->src\main\AndroidManifest.xml:212:17-55
245        <activity
245-->src\main\AndroidManifest.xml:214:9-217:58
246            android:name="id.kasirvippro.android.feature.manage.supplier.edit.EditSupplierActivity"
246-->src\main\AndroidManifest.xml:215:17-104
247            android:screenOrientation="fullSensor"
247-->src\main\AndroidManifest.xml:217:17-55
248            android:theme="@style/ReverseAppTheme" />
248-->src\main\AndroidManifest.xml:216:17-55
249        <activity
249-->src\main\AndroidManifest.xml:218:9-221:58
250            android:name="id.kasirvippro.android.feature.manage.supplier.detail.DetailActivity"
250-->src\main\AndroidManifest.xml:219:17-100
251            android:screenOrientation="fullSensor"
251-->src\main\AndroidManifest.xml:221:17-55
252            android:theme="@style/ReverseAppTheme.NoActionBar" />
252-->src\main\AndroidManifest.xml:220:17-67
253        <activity
253-->src\main\AndroidManifest.xml:222:9-225:58
254            android:name="id.kasirvippro.android.feature.manage.customer.add.AddCustomerActivity"
254-->src\main\AndroidManifest.xml:223:17-102
255            android:screenOrientation="fullSensor"
255-->src\main\AndroidManifest.xml:225:17-55
256            android:theme="@style/ReverseAppTheme" />
256-->src\main\AndroidManifest.xml:224:17-55
257        <activity
257-->src\main\AndroidManifest.xml:226:9-229:58
258            android:name="id.kasirvippro.android.feature.manage.customer.edit.EditCustomerActivity"
258-->src\main\AndroidManifest.xml:227:17-104
259            android:screenOrientation="fullSensor"
259-->src\main\AndroidManifest.xml:229:17-55
260            android:theme="@style/ReverseAppTheme" />
260-->src\main\AndroidManifest.xml:228:17-55
261        <activity
261-->src\main\AndroidManifest.xml:230:9-233:58
262            android:name="id.kasirvippro.android.feature.manage.customer.detail.CustomerDetailActivity"
262-->src\main\AndroidManifest.xml:231:17-108
263            android:screenOrientation="fullSensor"
263-->src\main\AndroidManifest.xml:233:17-55
264            android:theme="@style/ReverseAppTheme.NoActionBar" />
264-->src\main\AndroidManifest.xml:232:17-67
265        <activity
265-->src\main\AndroidManifest.xml:234:9-237:58
266            android:name="id.kasirvippro.android.feature.scan.ScanCodeActivity"
266-->src\main\AndroidManifest.xml:235:17-84
267            android:screenOrientation="fullSensor"
267-->src\main\AndroidManifest.xml:237:17-55
268            android:theme="@style/ReverseAppTheme" />
268-->src\main\AndroidManifest.xml:236:17-55
269        <activity
269-->src\main\AndroidManifest.xml:238:9-241:58
270            android:name="id.kasirvippro.android.feature.manage.product.add.AddProductActivity"
270-->src\main\AndroidManifest.xml:239:17-100
271            android:screenOrientation="fullSensor"
271-->src\main\AndroidManifest.xml:241:17-55
272            android:theme="@style/ReverseAppTheme" />
272-->src\main\AndroidManifest.xml:240:17-55
273        <activity
273-->src\main\AndroidManifest.xml:242:9-245:58
274            android:name="id.kasirvippro.android.feature.manage.productVariant.add.AddProductVariantActivity"
274-->src\main\AndroidManifest.xml:243:17-114
275            android:screenOrientation="fullSensor"
275-->src\main\AndroidManifest.xml:245:17-55
276            android:theme="@style/ReverseAppTheme" />
276-->src\main\AndroidManifest.xml:244:17-55
277        <activity
277-->src\main\AndroidManifest.xml:246:9-249:58
278            android:name="id.kasirvippro.android.feature.manage.product.edit.EditProductActivity"
278-->src\main\AndroidManifest.xml:247:17-102
279            android:screenOrientation="fullSensor"
279-->src\main\AndroidManifest.xml:249:17-55
280            android:theme="@style/ReverseAppTheme" />
280-->src\main\AndroidManifest.xml:248:17-55
281        <activity
281-->src\main\AndroidManifest.xml:250:9-253:58
282            android:name="id.kasirvippro.android.feature.manage.productVariant.edit.EditProductVariantActivity"
282-->src\main\AndroidManifest.xml:251:17-116
283            android:screenOrientation="fullSensor"
283-->src\main\AndroidManifest.xml:253:17-55
284            android:theme="@style/ReverseAppTheme" />
284-->src\main\AndroidManifest.xml:252:17-55
285        <activity
285-->src\main\AndroidManifest.xml:254:9-257:58
286            android:name="id.kasirvippro.android.feature.transaction.detail.DetailActivity"
286-->src\main\AndroidManifest.xml:255:17-96
287            android:screenOrientation="fullSensor"
287-->src\main\AndroidManifest.xml:257:17-55
288            android:theme="@style/ReverseAppTheme" />
288-->src\main\AndroidManifest.xml:256:17-55
289        <activity
289-->src\main\AndroidManifest.xml:258:9-261:58
290            android:name="id.kasirvippro.android.feature.hutangpiutang.main.MainActivity"
290-->src\main\AndroidManifest.xml:259:17-94
291            android:screenOrientation="fullSensor"
291-->src\main\AndroidManifest.xml:261:17-55
292            android:theme="@style/ReverseAppTheme" />
292-->src\main\AndroidManifest.xml:260:17-55
293        <activity
293-->src\main\AndroidManifest.xml:262:9-265:58
294            android:name="id.kasirvippro.android.feature.hutangpiutang.lastHutang.LastHutangActivity"
294-->src\main\AndroidManifest.xml:263:17-106
295            android:screenOrientation="fullSensor"
295-->src\main\AndroidManifest.xml:265:17-55
296            android:theme="@style/ReverseAppTheme" />
296-->src\main\AndroidManifest.xml:264:17-55
297        <activity
297-->src\main\AndroidManifest.xml:266:9-269:58
298            android:name="id.kasirvippro.android.feature.hutangpiutang.lastPiutang.LastPiutangActivity"
298-->src\main\AndroidManifest.xml:267:17-108
299            android:screenOrientation="fullSensor"
299-->src\main\AndroidManifest.xml:269:17-55
300            android:theme="@style/ReverseAppTheme" />
300-->src\main\AndroidManifest.xml:268:17-55
301        <activity
301-->src\main\AndroidManifest.xml:270:9-273:58
302            android:name="id.kasirvippro.android.feature.hutangpiutang.hutangSupplier.HutangSupplierActivity"
302-->src\main\AndroidManifest.xml:271:17-114
303            android:screenOrientation="fullSensor"
303-->src\main\AndroidManifest.xml:273:17-55